<?xml version="1.0" encoding="UTF-8"?>
<!-- Generated by org.testng.reporters.JUnitReportReporter -->
<testsuite skipped="0" hostname="DESKTOP-USPQ1LK" name="Test.Demo2" tests="3" failures="0" timestamp="2020-05-25T14:28:13 IST" time="0.002" errors="0">
  <testcase name="Sports" time="0.000" classname="Test.Demo2"/>
  <system-out/>
  <testcase name="Fee" time="0.002" classname="Test.Demo2"/>
  <system-out/>
  <testcase name="School" time="0.000" classname="Test.Demo2"/>
  <system-out/>
</testsuite> <!-- Test.Demo2 -->
