<?xml version="1.0" encoding="UTF-8"?>
<!-- Generated by org.testng.reporters.JUnitReportReporter -->
<testsuite skipped="0" hostname="DESKTOP-USPQ1LK" name="Test.Part2" tests="2" failures="0" timestamp="2020-05-25T14:28:13 IST" time="0.000" errors="0">
  <testcase name="Demo" time="0.000" classname="Test.Part2"/>
  <system-out/>
  <testcase name="Demo1" time="0.000" classname="Test.Part2"/>
  <system-out/>
</testsuite> <!-- Test.Part2 -->
