<?xml version="1.0" encoding="UTF-8"?>
<!-- Generated by org.testng.reporters.JUnitReportReporter -->
<testsuite skipped="0" hostname="DESKTOP-USPQ1LK" name="Dept.Demo2" tests="3" failures="0" timestamp="2020-05-22T17:33:17 IST" time="0.020" errors="0">
  <testcase name="Fee" time="0.007" classname="Dept.Demo2"/>
  <system-out/>
  <testcase name="Sports" time="0.007" classname="Dept.Demo2"/>
  <system-out/>
  <testcase name="School" time="0.006" classname="Dept.Demo2"/>
  <system-out/>
</testsuite> <!-- Dept.Demo2 -->
