<?xml version="1.0" encoding="UTF-8"?>
<!-- Generated by org.testng.reporters.JUnitReportReporter -->
<testsuite skipped="0" hostname="DESKTOP-USPQ1LK" name="Test.Parameterising" tests="3" failures="0" timestamp="2020-05-25T14:28:13 IST" time="0.012" errors="0">
  <testcase name="Finance" time="0.002" classname="Test.Parameterising"/>
  <system-out/>
  <testcase name="HR" time="0.000" classname="Test.Parameterising"/>
  <system-out/>
  <testcase name="Office" time="0.010" classname="Test.Parameterising"/>
  <system-out/>
</testsuite> <!-- Test.Parameterising -->
