<?xml version="1.0" encoding="UTF-8"?>
<!-- Generated by org.testng.reporters.JUnitReportReporter -->
<testsuite skipped="0" hostname="DESKTOP-USPQ1LK" name="Test.Demo1" tests="3" failures="0" timestamp="2020-05-25T14:28:13 IST" time="0.014" errors="0">
  <testcase name="Finance" time="0.002" classname="Test.Demo1"/>
  <system-out/>
  <testcase name="HR" time="0.008" classname="Test.Demo1"/>
  <system-out/>
  <testcase name="Office" time="0.004" classname="Test.Demo1"/>
  <system-out/>
</testsuite> <!-- Test.Demo1 -->
