<?xml version="1.0" encoding="UTF-8"?>
<!-- Generated by org.testng.reporters.JUnitReportReporter -->
<testsuite skipped="0" hostname="DESKTOP-USPQ1LK" name="Test.Day1" tests="1" failures="0" timestamp="2020-05-25T14:28:13 IST" time="0.008" errors="0">
  <testcase name="Demo" time="0.008" classname="Test.Day1"/>
  <system-out/>
</testsuite> <!-- Test.Day1 -->
