<?xml version="1.0" encoding="UTF-8"?>
<!-- Generated by org.testng.reporters.JUnitReportReporter -->
<testsuite skipped="0" hostname="DESKTOP-USPQ1LK" name="Dept.Demo1" tests="3" failures="0" timestamp="2020-05-22T17:33:17 IST" time="0.020" errors="0">
  <testcase name="HR" time="0.004" classname="Dept.Demo1"/>
  <system-out/>
  <testcase name="Finance" time="0.014" classname="Dept.Demo1"/>
  <system-out/>
  <testcase name="Office" time="0.002" classname="Dept.Demo1"/>
  <system-out/>
</testsuite> <!-- Dept.Demo1 -->
