<?xml version="1.0" encoding="UTF-8"?>
<!-- Generated by org.testng.reporters.JUnitReportReporter -->
<testsuite skipped="0" hostname="DESKTOP-USPQ1LK" name="Test.Day2" tests="3" failures="0" timestamp="2020-05-25T14:28:13 IST" time="0.022" errors="0">
  <testcase name="Demo" time="0.010" classname="Test.Day2"/>
  <system-out/>
  <testcase name="a1" time="0.012" classname="Test.Day2"/>
  <system-out/>
  <testcase name="name" time="0.000" classname="Test.Day2"/>
  <system-out/>
</testsuite> <!-- Test.Day2 -->
