<?xml version="1.0" encoding="UTF-8"?>
<!-- Generated by org.testng.reporters.JUnitReportReporter -->
<testsuite skipped="0" hostname="DESKTOP-USPQ1LK" name="Test.Demo3" tests="3" failures="0" timestamp="2020-05-25T14:28:13 IST" time="0.038" errors="0">
  <testcase name="Testing1" time="0.028" classname="Test.Demo3"/>
  <system-out/>
  <testcase name="Testing" time="0.000" classname="Test.Demo3"/>
  <system-out/>
  <testcase name="TEsting3" time="0.010" classname="Test.Demo3"/>
  <system-out/>
</testsuite> <!-- Test.Demo3 -->
