<?xml version="1.0" encoding="UTF-8"?>
<!-- Generated by org.testng.reporters.JUnitReportReporter -->
<testsuite skipped="0" hostname="DESKTOP-USPQ1LK" name="Test.Aftermethod" tests="3" failures="0" timestamp="2020-05-25T14:28:13 IST" time="0.182" errors="0">
  <testcase name="name" time="0.010" classname="Test.Aftermethod"/>
  <system-out/>
  <testcase name="a1" time="0.000" classname="Test.Aftermethod"/>
  <system-out/>
  <testcase name="Demo" time="0.172" classname="Test.Aftermethod"/>
  <system-out/>
</testsuite> <!-- Test.Aftermethod -->
