<?xml version="1.0" encoding="UTF-8"?>
<!-- Generated by org.testng.reporters.JUnitReportReporter -->
<testsuite skipped="0" hostname="DESKTOP-USPQ1LK" name="Test.DepandsOnMethod" tests="4" failures="0" timestamp="2020-05-25T14:28:13 IST" time="0.022" errors="0">
  <testcase name="a1" time="0.002" classname="Test.DepandsOnMethod"/>
  <system-out/>
  <testcase name="beforeeverymethod" time="0.010" classname="Test.DepandsOnMethod"/>
  <system-out/>
  <testcase name="name" time="0.010" classname="Test.DepandsOnMethod"/>
  <system-out/>
  <testcase name="Demo" time="0.000" classname="Test.DepandsOnMethod"/>
  <system-out/>
</testsuite> <!-- Test.DepandsOnMethod -->
